06/24/2024 03:16:21 AM [INFO] Training on: cuda:1
06/24/2024 03:16:21 AM [INFO] ----------------------------------------
06/24/2024 03:16:21 AM [INFO] Currently using: FedAvg
06/24/2024 03:16:21 AM [INFO] Using alpha = 0
06/24/2024 03:16:21 AM [INFO] Local step = 1 
06/24/2024 05:03:21 AM [INFO] [33.59375, 42.1875, 35.9375, 43.75, 29.6875]
06/24/2024 05:03:21 AM [INFO] Average accuracy: 37.03125
06/24/2024 05:03:21 AM [INFO] Average loss per 10 iterations: [187.71771307 165.71311791 149.12554925 136.4994606  129.14666007
 119.02706857 111.64219964 105.24866877  99.14036755  95.21837908
  89.72889744  86.74152683  83.64546664  80.38367494  77.09051154
  73.67397579  70.80409786  68.55172098  66.74140722  64.40484495
  62.73446529  60.59287281  59.35776141  57.60666459  55.63389947]
06/24/2024 05:03:21 AM [INFO] Average time: 1284.122575557651
06/24/2024 05:03:21 AM [INFO] ----------------------------------------
06/24/2024 05:03:21 AM [INFO] Currently using: FedAvg
06/24/2024 05:03:21 AM [INFO] Using alpha = 0
06/24/2024 05:03:21 AM [INFO] Local step = 3 
06/24/2024 10:20:02 AM [INFO] [46.875, 42.96875, 44.53125, 47.65625, 42.1875]
06/24/2024 10:20:02 AM [INFO] Average accuracy: 44.84375
06/24/2024 10:20:02 AM [INFO] Average loss per 10 iterations: [431.42876831 352.67513416 291.46691223 246.32003339 216.03125864
 193.00133223 174.1811394  157.99028873 145.88277482 134.94526659
 126.57744725 116.62400398 109.82846949 103.38935895  96.02623383
  91.56558519  84.68623795  82.29120064  78.34758504  73.47101694
  70.37910438  68.55671386  62.47089312  60.3809428   57.11031416]
06/24/2024 10:20:02 AM [INFO] Average time: 3800.087640426168
06/24/2024 10:20:02 AM [INFO] ----------------------------------------
06/24/2024 10:20:02 AM [INFO] Currently using: FedAvg
06/24/2024 10:20:02 AM [INFO] Using alpha = 0
06/24/2024 10:20:02 AM [INFO] Local step = 5 
06/24/2024 07:07:17 PM [INFO] [45.3125, 50.78125, 45.3125, 50.0, 50.0]
06/24/2024 07:07:17 PM [INFO] Average accuracy: 48.28125
06/24/2024 07:07:17 PM [INFO] Average loss per 10 iterations: [617.37392432 460.64008634 357.50666661 294.28616066 252.57142818
 219.68394114 197.19416796 176.34448681 158.53235026 145.60807294
 133.36046216 123.18060043 112.55286231 101.74439036  95.34195406
  88.17348904  82.87016377  78.13840975  72.73807656  70.08644464
  63.78710935  60.87433119  58.68237371  53.35952482  52.4437967 ]
06/24/2024 07:07:17 PM [INFO] Average time: 6327.008755571954
06/24/2024 07:07:17 PM [INFO] ----------------------------------------
06/24/2024 07:07:17 PM [INFO] Currently using: FedAvg
06/24/2024 07:07:17 PM [INFO] Using alpha = 0.05
06/24/2024 07:07:17 PM [INFO] Local step = 1 
06/24/2024 08:58:21 PM [INFO] [33.59375, 37.5, 42.1875, 23.4375, 49.21875]
06/24/2024 08:58:21 PM [INFO] Average accuracy: 37.1875
06/24/2024 08:58:21 PM [INFO] Average loss per 10 iterations: [221.36227694 199.54913614 181.13253868 171.45130991 162.2012887
 152.77192867 144.58206972 138.21305139 133.38131587 127.62534074
 123.28794848 120.08926238 113.831572   111.45278128 107.51393958
 105.76468836 100.89564098  99.98431851  95.80194367  93.26188999
  91.4425013   87.42523995  85.49760446  84.94552821  81.88766853]
06/24/2024 08:58:21 PM [INFO] Average time: 1332.8138519919012
06/24/2024 08:58:21 PM [INFO] ----------------------------------------
06/24/2024 08:58:21 PM [INFO] Currently using: FedAvg
06/24/2024 08:58:21 PM [INFO] Using alpha = 0.05
06/24/2024 08:58:21 PM [INFO] Local step = 3 
06/25/2024 04:43:50 AM [INFO] [54.6875, 33.59375, 37.5, 38.28125, 49.21875]
06/25/2024 04:43:50 AM [INFO] Average accuracy: 42.65625
06/25/2024 04:43:50 AM [INFO] Average loss per 10 iterations: [432.05864933 348.13763789 296.22046333 261.65611708 234.76103219
 214.33167236 193.75091598 177.3292121  163.90424443 153.43608691
 141.07303976 133.58989894 123.27097456 116.06835467 108.65265651
 102.21886978  97.16659022  92.30100274  86.76516479  82.52634041
  77.5563253   77.03845796  70.7186607   66.70336571  63.39667055]
06/25/2024 04:43:50 AM [INFO] Average time: 5585.699261223944
06/25/2024 04:43:50 AM [INFO] ----------------------------------------
06/25/2024 04:43:50 AM [INFO] Currently using: FedAvg
06/25/2024 04:43:50 AM [INFO] Using alpha = 0.05
06/25/2024 04:43:50 AM [INFO] Local step = 5 
06/25/2024 08:48:56 PM [INFO] [73.4375, 70.3125, 61.71875, 57.8125, 73.4375]
06/25/2024 08:48:56 PM [INFO] Average accuracy: 67.34375
06/25/2024 08:48:56 PM [INFO] Average loss per 10 iterations: [800.65724076 615.48611113 506.22287087 436.39258191 380.2423865
 332.27146986 295.9833174  260.99408767 233.44718617 207.35363892
 187.60863862 170.8985173  156.94081178 141.88962734 126.88588474
 121.18971457 110.55602811 103.49951171  95.23012476  89.16638361
  82.27197935  77.44888612  73.85669967  68.4423699   65.85632514]
06/25/2024 08:48:56 PM [INFO] Average time: 11581.369914628613 
06/24/2024 12:55:05 PM [INFO] ----------------------------------------
06/24/2024 12:55:05 PM [INFO] Currently using: FedAvg
06/24/2024 12:55:05 PM [INFO] Using alpha = 0.1
06/24/2024 12:55:05 PM [INFO] Local step = 1 
06/24/2024 02:42:11 PM [INFO] [54.6875, 47.65625, 31.25, 42.96875, 46.09375]
06/24/2024 02:42:11 PM [INFO] Average accuracy: 44.53125
06/24/2024 02:42:11 PM [INFO] Average loss per 10 iterations: [275.60988246 256.1731035  233.02857914 217.34760426 200.7107201
 189.93131153 180.14286427 172.1260129  163.36894834 156.75968553
 150.95330335 144.28978672 139.24112033 135.09896556 130.16565062
 126.89783849 120.8062628  118.62257902 114.57486157 111.79698755
 107.75433281 105.80657107 102.68821797 101.37082842  96.07306053]
06/24/2024 02:42:11 PM [INFO] Average time: 1285.0459348298143
06/24/2024 02:42:11 PM [INFO] ----------------------------------------
06/24/2024 02:42:11 PM [INFO] Currently using: FedAvg
06/24/2024 02:42:11 PM [INFO] Using alpha = 0.1
06/24/2024 02:42:11 PM [INFO] Local step = 3 
06/24/2024 09:51:15 PM [INFO] [80.46875, 70.3125, 74.21875, 64.0625, 72.65625]
06/24/2024 09:51:15 PM [INFO] Average accuracy: 72.34375
06/24/2024 09:51:15 PM [INFO] Average loss per 10 iterations: [716.82761134 602.08849195 515.6111146  451.01740803 399.66052943
 356.86949314 319.95541997 289.39815111 262.1084709  241.41909891
 223.85871015 205.59652857 192.52100855 178.407636   165.44092553
 154.84105668 145.73986972 134.30716131 127.83210075 121.49103939
 114.45741668 107.88625289 102.0601761   95.07446877  89.05542794]
06/24/2024 09:51:15 PM [INFO] Average time: 5148.956138879806
06/24/2024 09:51:15 PM [INFO] ----------------------------------------
06/24/2024 09:51:15 PM [INFO] Currently using: FedAvg
06/24/2024 09:51:15 PM [INFO] Using alpha = 0.1
06/24/2024 09:51:15 PM [INFO] Local step = 5 
06/25/2024 02:13:36 PM [INFO] [86.71875, 78.125, 71.875, 79.6875, 75.78125]
06/25/2024 02:13:36 PM [INFO] Average accuracy: 78.4375
06/25/2024 02:13:36 PM [INFO] Average loss per 10 iterations: [1163.40076218  908.28518642  727.64986833  598.07543516  499.87961853
  429.24855509  371.29136502  323.46215696  283.72259607  250.94996213
  230.44716369  207.28398517  186.42985566  172.7479124   155.62226707
  140.88433299  135.50659792  121.21942586  115.61011513  110.90689649
  104.42961424   96.31329244   91.70722818   85.41191713   83.48719338]
06/25/2024 02:13:36 PM [INFO] Average time: 11788.194388133148


#############################################################################################
#############################################################################################
#############################################################################################
#############################################################################################
#############################################################################################


06/24/2024 12:53:23 PM [INFO] Training on: cuda:3
06/24/2024 12:53:23 PM [INFO] ----------------------------------------
06/24/2024 12:53:23 PM [INFO] Currently using: FedProx
06/24/2024 12:53:23 PM [INFO] Using alpha = 0
06/24/2024 12:53:23 PM [INFO] Local step = 1 
06/24/2024 03:16:28 PM [INFO] [40.625, 42.96875, 32.8125, 42.96875, 40.625]
06/24/2024 03:16:28 PM [INFO] Average accuracy: 40.0
06/24/2024 03:16:28 PM [INFO] Average loss per 10 iterations: [303.38618305 266.25173441 235.39264708 211.67880906 196.48713755
 182.46506178 174.24578807 165.871982   157.07046543 151.00798188
 147.27875652 140.71702091 138.48325848 134.42983476 130.91313868
 128.15740255 125.35157914 123.47301157 120.43849101 118.59334886
 116.21344007 114.77589092 113.65598867 111.51092817 110.0876415 ]
06/24/2024 03:16:28 PM [INFO] Average time: 1717.1480093385558
06/24/2024 03:16:28 PM [INFO] ----------------------------------------
06/24/2024 03:16:28 PM [INFO] Currently using: FedProx
06/24/2024 03:16:29 PM [INFO] Using alpha = 0
06/24/2024 03:16:29 PM [INFO] Local step = 3 
06/24/2024 10:35:35 PM [INFO] [46.09375, 29.6875, 27.34375, 39.84375, 34.375]
06/24/2024 10:35:35 PM [INFO] Average accuracy: 35.46875
06/24/2024 10:35:35 PM [INFO] Average loss per 10 iterations: [693.8866984  583.62867044 508.2730755  462.11871284 430.40134667
 398.68794292 375.99984882 355.96667633 337.97244187 324.61353469
 314.45485117 299.76673248 293.92911433 282.48233429 278.01099967
 267.88227891 261.49165025 256.38817553 252.13423998 246.84874901
 243.72931002 238.61427868 235.2054047  228.85638705 224.13695686]
06/24/2024 10:35:35 PM [INFO] Average time: 5269.272543162806
06/24/2024 12:53:56 PM [INFO] ----------------------------------------
06/24/2024 12:53:56 PM [INFO] Currently using: FedProx
06/24/2024 12:53:56 PM [INFO] Using alpha = 0
06/24/2024 12:53:56 PM [INFO] Local step = 5 
06/25/2024 12:43:01 AM [INFO] [25.0, 29.6875, 33.59375, 42.96875, 27.34375]
06/25/2024 12:43:01 AM [INFO] Average accuracy: 31.71875
06/25/2024 12:43:01 AM [INFO] Average loss per 10 iterations: [1041.4356451   863.68556193  754.45822625  687.95160705  638.76685823
  595.24638017  560.5809053   528.51939062  510.52446719  485.01166195
  470.16016087  454.88317877  440.84773716  426.95084276  416.81932629
  409.33927238  396.13101729  388.2467918   379.05740209  369.84379536
  362.27842908  353.24691928  349.99398739  342.23506909  335.98877906]
06/25/2024 12:43:01 AM [INFO] Average time: 8509.113671140605
06/24/2024 10:35:35 PM [INFO] ----------------------------------------
06/24/2024 10:35:35 PM [INFO] Currently using: FedProx
06/24/2024 10:35:35 PM [INFO] Using alpha = 0.05
06/24/2024 10:35:35 PM [INFO] Local step = 1 
06/25/2024 01:06:14 AM [INFO] [23.4375, 42.96875, 42.1875, 29.6875, 36.71875]
06/25/2024 01:06:14 AM [INFO] Average accuracy: 35.0
06/25/2024 01:06:14 AM [INFO] Average loss per 10 iterations: [329.93567237 291.4365603  258.27068812 238.71772874 219.73637698
 206.98140648 198.21968951 187.88075806 181.55182635 176.71198803
 171.96378195 166.52966561 161.67834387 158.5167503  155.81551893
 152.09278665 149.41488387 147.39904513 145.03262397 141.96820654
 140.33020464 138.23664481 136.47081703 135.25558762 133.00870576]
06/25/2024 01:06:14 AM [INFO] Average time: 1807.755918380432
06/25/2024 01:06:14 AM [INFO] ----------------------------------------
06/25/2024 01:06:14 AM [INFO] Currently using: FedProx
06/25/2024 01:06:14 AM [INFO] Using alpha = 0.05
06/25/2024 01:06:14 AM [INFO] Local step = 3 
06/25/2024 11:03:21 AM [INFO] [56.25, 46.09375, 32.03125, 30.46875, 46.09375]
06/25/2024 11:03:21 AM [INFO] Average accuracy: 42.1875
06/25/2024 11:03:21 AM [INFO] Average loss per 10 iterations: [790.1174452  667.21336293 592.66515211 541.05053012 508.1147688
 475.79580131 445.79579606 426.3192279  413.00436416 397.8527154
 379.07363929 371.04105623 357.54631981 347.2381279  336.25894156
 325.98044439 318.43307373 313.17276441 303.80016162 297.12231886
 290.83313401 289.80250827 281.24464502 273.54320069 270.30638946]
06/25/2024 11:03:21 AM [INFO] Average time: 7165.3850565974135
06/25/2024 12:43:01 AM [INFO] ----------------------------------------
06/25/2024 12:43:01 AM [INFO] Currently using: FedProx
06/25/2024 12:43:01 AM [INFO] Using alpha = 0.05
06/25/2024 12:43:01 AM [INFO] Local step = 5 
06/25/2024 01:09:10 PM [INFO] [42.96875, 42.96875, 36.71875, 53.125, 27.34375]
06/25/2024 01:09:10 PM [INFO] Average accuracy: 40.625
06/25/2024 01:09:10 PM [INFO] Average loss per 10 iterations: [1099.35659671  922.97248897  815.60336373  738.05222156  677.43032518
  638.21212533  601.25432476  565.27550419  541.21919205  516.46275519
  495.13050507  482.51605392  470.04099818  452.81037925  439.1046303
  428.58190495  417.97084891  408.80810776  402.57187814  394.06785883
  388.29026941  376.4378007   371.13718763  362.1983462   355.54812181]
06/25/2024 01:09:10 PM [INFO] Average time: 8953.72748610219
06/25/2024 11:03:21 AM [INFO] ----------------------------------------
06/25/2024 11:03:21 AM [INFO] Currently using: FedProx
06/25/2024 11:03:21 AM [INFO] Using alpha = 0.1
06/25/2024 11:03:21 AM [INFO] Local step = 1 
06/25/2024 03:09:04 PM [INFO] [54.6875, 49.21875, 53.90625, 59.375, 62.5]
06/25/2024 03:09:04 PM [INFO] Average accuracy: 55.9375
06/25/2024 03:09:04 PM [INFO] Average loss per 10 iterations: [456.28471972 409.24765902 362.42431218 329.37711737 306.34393613
 287.13689448 273.58412745 261.52376529 249.43044576 242.39749096
 234.2699772  227.87658589 223.03557071 217.19978881 212.61353129
 207.01195534 202.41759563 200.04921195 194.52803469 191.23656571
 187.3446014  185.2433808  181.50962395 178.98044889 175.36838866]
06/25/2024 03:09:04 PM [INFO] Average time: 2948.7275684445167
06/25/2024 03:09:04 PM [INFO] ----------------------------------------
06/25/2024 03:09:04 PM [INFO] Currently using: FedProx
06/25/2024 03:09:04 PM [INFO] Using alpha = 0.1
06/25/2024 03:09:04 PM [INFO] Local step = 3 
06/26/2024 05:00:32 AM [INFO] [46.875, 60.9375, 43.75, 60.9375, 50.0]
06/26/2024 05:00:32 AM [INFO] Average accuracy: 52.5
06/26/2024 05:00:32 AM [INFO] Average loss per 10 iterations: [908.08481412 781.4115109  685.38978213 619.65984004 569.21168777
 526.044739   498.19869929 476.92768926 457.02470461 440.88973731
 428.68418699 418.48093385 405.41113448 391.37972464 377.2358667
 371.32805578 362.41769948 357.32526102 346.2080337  335.84244242
 333.99842366 327.66415763 322.3272931  316.1795694  309.86369463]
06/26/2024 05:00:32 AM [INFO] Average time: 9977.596217735158
06/25/2024 01:09:10 PM [INFO] ----------------------------------------
06/25/2024 01:09:10 PM [INFO] Currently using: FedProx
06/25/2024 01:09:10 PM [INFO] Using alpha = 0.1
06/25/2024 01:09:10 PM [INFO] Local step = 5 
06/26/2024 06:00:23 AM [INFO] [69.53125, 69.53125, 73.4375, 42.96875, 71.09375]
06/26/2024 06:00:23 AM [INFO] Average accuracy: 65.3125
06/26/2024 06:00:23 AM [INFO] Average loss per 10 iterations: [1615.90101285 1352.31399874 1174.49585064 1055.46394759  966.67613719
  896.35704517  842.22927763  797.70805212  757.98746151  727.89211494
  696.74290769  673.70145843  653.1817974   627.15857474  614.40296056
  595.08906486  580.21754856  565.64332512  553.54987701  537.38282478
  527.19309426  521.0519864   504.8524024   496.59127403  484.03139984]
06/26/2024 06:00:23 AM [INFO] Average time: 12134.668875033594


#############################################################################################
#############################################################################################
#############################################################################################
#############################################################################################
#############################################################################################


06/24/2024 12:53:24 PM [INFO] Training on: cuda:4
06/24/2024 12:53:24 PM [INFO] ----------------------------------------
06/24/2024 12:53:24 PM [INFO] Currently using: SCAFFOLD
06/24/2024 12:53:24 PM [INFO] Using alpha = 0
06/24/2024 12:53:24 PM [INFO] Local step = 1 
06/24/2024 02:41:13 PM [INFO] [41.40625, 40.625, 30.46875, 27.34375, 37.5]
06/24/2024 02:41:13 PM [INFO] Average accuracy: 35.46875
06/24/2024 02:41:13 PM [INFO] Average loss per 10 iterations: [188.1402988  167.15609962 150.42696242 138.58866906 129.77022694
 121.31294497 112.87260725 105.56748319 100.04933098  94.58588922
  90.50240969  86.48342054  83.76598733  80.11948372  77.42994664
  73.589148    71.7236218   68.24584533  66.74110004  64.3571816
  62.42866768  60.37174873  58.17241469  56.9788982   55.89685696]
06/24/2024 02:41:13 PM [INFO] Average time: 1293.6722700353712
06/24/2024 02:41:13 PM [INFO] ----------------------------------------
06/24/2024 02:41:13 PM [INFO] Currently using: SCAFFOLD
06/24/2024 02:41:13 PM [INFO] Using alpha = 0
06/24/2024 02:41:13 PM [INFO] Local step = 3 
06/24/2024 07:59:51 PM [INFO] [46.09375, 44.53125, 45.3125, 39.84375, 47.65625]
06/24/2024 07:59:51 PM [INFO] Average accuracy: 44.6875
06/24/2024 07:59:51 PM [INFO] Average loss per 10 iterations: [422.58454702 343.88376597 285.83505622 240.57061746 211.25995113
 187.29307996 170.50312705 155.45155203 143.21029508 133.49624328
 125.13637423 116.45970296 109.1123592  104.05238761  96.9214358
  91.66622538  86.7948589   83.14776489  76.32908271  73.97492163
  69.92686026  67.47821357  63.92273912  60.98850479  58.38120293]
06/24/2024 07:59:51 PM [INFO] Average time: 3823.591941149859 
06/24/2024 12:54:15 PM [INFO] ----------------------------------------
06/24/2024 12:54:15 PM [INFO] Currently using: SCAFFOLD
06/24/2024 12:54:15 PM [INFO] Using alpha = 0
06/24/2024 12:54:15 PM [INFO] Local step = 5 
06/24/2024 09:43:59 PM [INFO] [42.1875, 44.53125, 39.84375, 49.21875, 50.0]
06/24/2024 09:43:59 PM [INFO] Average accuracy: 45.15625
06/24/2024 09:43:59 PM [INFO] Average loss per 10 iterations: [613.27386263 457.0048209  354.924852   294.6762163  251.14480351
 222.61171192 198.58895919 176.47701271 159.17707797 144.33399965
 133.60528417 121.94344551 112.73451929 103.98698035  95.24921364
  90.39390055  83.08051322  79.4075906   72.04823466  69.66114468
  64.3021998   63.14558875  58.65799458  56.40725938  51.98936457]
06/24/2024 09:43:59 PM [INFO] Average time: 6356.671054948866
06/24/2024 07:59:51 PM [INFO] ----------------------------------------
06/24/2024 07:59:51 PM [INFO] Currently using: SCAFFOLD
06/24/2024 07:59:51 PM [INFO] Using alpha = 0.05
06/24/2024 07:59:51 PM [INFO] Local step = 1 
06/24/2024 09:50:26 PM [INFO] [50.78125, 17.1875, 32.03125, 20.3125, 14.84375]
06/24/2024 09:50:26 PM [INFO] Average accuracy: 27.03125
06/24/2024 09:50:26 PM [INFO] Average loss per 10 iterations: [201.05006147 179.21420755 161.37833584 149.44622673 138.36726226
 131.64840335 123.57380603 119.9777455  113.72556358 110.87526786
 105.03860361 103.18376378  97.82823872  94.59775985  90.68147333
  88.77732713  84.85537332  83.25822567  79.53985298  78.153886
  75.13499798  75.28455481  72.38600497  69.42171308  68.37798945]
06/24/2024 09:50:26 PM [INFO] Average time: 1327.0488392939792
06/24/2024 09:50:26 PM [INFO] ----------------------------------------
06/24/2024 09:50:26 PM [INFO] Currently using: SCAFFOLD
06/24/2024 09:50:26 PM [INFO] Using alpha = 0.05
06/24/2024 09:50:26 PM [INFO] Local step = 3 
06/25/2024 05:02:21 AM [INFO] [54.6875, 47.65625, 47.65625, 50.0, 29.6875]
06/25/2024 05:02:21 AM [INFO] Average accuracy: 45.9375
06/25/2024 05:02:21 AM [INFO] Average loss per 10 iterations: [478.01558255 390.17621456 334.66035151 298.78907106 266.77356517
 239.98001631 219.08543617 199.30615397 184.48187663 169.80719997
 158.00192045 148.08959558 137.2816171  129.30904676 120.73381695
 113.65945012 107.43319736 101.24582898  96.72602521  92.38776578
  85.8568014   82.18140423  76.37691578  75.59294166  69.15113874]
06/25/2024 05:02:21 AM [INFO] Average time: 5182.999799438612
06/24/2024 09:43:59 PM [INFO] ----------------------------------------
06/24/2024 09:43:59 PM [INFO] Currently using: SCAFFOLD
06/24/2024 09:43:59 PM [INFO] Using alpha = 0.05
06/24/2024 09:43:59 PM [INFO] Local step = 5 
06/25/2024 06:44:05 AM [INFO] [39.84375, 46.09375, 64.0625, 59.375, 69.53125]
06/25/2024 06:44:05 AM [INFO] Average accuracy: 55.78125
06/25/2024 06:44:05 AM [INFO] Average loss per 10 iterations: [676.4972658  518.75519213 422.81104797 365.378508   316.77944355
 279.93941529 246.13883397 222.1840034  202.09118622 181.89449271
 166.360655   149.32120736 137.43081372 126.65836707 116.8038993
 109.3916303   99.19048529  92.59754432  86.52879007  79.9384936
  75.15468481  69.75415707  65.74262487  61.29899344  57.65593707]
06/25/2024 06:44:05 AM [INFO] Average time: 6481.149467963958
06/25/2024 05:02:21 AM [INFO] ----------------------------------------
06/25/2024 05:02:21 AM [INFO] Currently using: SCAFFOLD
06/25/2024 05:02:21 AM [INFO] Using alpha = 0.1
06/25/2024 05:02:21 AM [INFO] Local step = 1 
06/25/2024 08:18:38 AM [INFO] [67.1875, 60.9375, 64.0625, 78.125, 49.21875]
06/25/2024 08:18:38 AM [INFO] Average accuracy: 63.90625
06/25/2024 08:18:38 AM [INFO] Average loss per 10 iterations: [341.29893017 312.62275435 283.18733028 258.30799019 238.35164438
 223.90283888 211.33948936 199.89084836 190.04156782 182.45776601
 175.49287771 168.46436097 163.10774659 156.47072674 150.59592807
 146.8251336  140.83675133 135.88212255 132.5568773  128.1455765
 123.80389453 120.7496513  115.36313578 112.64479002 109.33507309]
06/25/2024 08:18:38 AM [INFO] Average time: 2355.3242927994115
06/25/2024 08:18:38 AM [INFO] ----------------------------------------
06/25/2024 08:18:38 AM [INFO] Currently using: SCAFFOLD
06/25/2024 08:18:38 AM [INFO] Using alpha = 0.1
06/25/2024 08:18:38 AM [INFO] Local step = 3 
06/25/2024 08:09:04 PM [INFO] [84.375, 66.40625, 80.46875, 64.84375, 75.78125]
06/25/2024 08:09:04 PM [INFO] Average accuracy: 74.375
06/25/2024 08:09:04 PM [INFO] Average loss per 10 iterations: [760.26489949 621.23302834 523.56613619 457.65340709 404.11110754
 357.93274117 324.76057715 290.23534744 266.85549692 243.28577727
 226.96545878 211.12330903 191.99843082 181.19100483 168.4346478
 157.34600421 149.09202275 137.27908347 128.68202163 123.13530651
 118.043042   107.43516768 102.02998732  97.23742917  92.29391825]
06/25/2024 08:09:04 PM [INFO] Average time: 8525.193017859758 
06/25/2024 06:44:05 AM [INFO] ----------------------------------------
06/25/2024 06:44:05 AM [INFO] Currently using: SCAFFOLD
06/25/2024 06:44:05 AM [INFO] Using alpha = 0.1
06/25/2024 06:44:05 AM [INFO] Local step = 5 
06/25/2024 07:11:57 PM [INFO] [89.0625, 78.90625, 85.9375, 66.40625, 64.84375]
06/25/2024 07:11:57 PM [INFO] Average accuracy: 77.03125
06/25/2024 07:11:57 PM [INFO] Average loss per 10 iterations: [1003.04394113  775.99807054  621.29735958  512.88750829  425.32727455
  361.04714858  313.64387897  274.83962862  240.20229269  214.47245976
  191.56793839  172.50109016  156.1432796   141.91173395  128.8925906
  118.56199275  109.09579571  102.87727727   93.65436158   89.63300822
   82.62435044   79.33606475   74.02189746   69.00014087   66.62958232]
06/25/2024 07:11:57 PM [INFO] Average time: 8974.422177416598
