06/23/2024 04:38:34 AM [INFO] Training on: cuda:1
06/23/2024 04:38:34 AM [INFO] ----------------------------------------
06/23/2024 04:38:34 AM [INFO] Currently using: FedAvg
06/23/2024 04:38:34 AM [INFO] Using alpha = 0
06/23/2024 04:38:34 AM [INFO] Local step = 1
06/23/2024 05:16:54 AM [INFO] [19.53125, 23.4375, 24.21875, 29.6875, 21.875]
06/23/2024 05:16:54 AM [INFO] Average accuracy: 23.75
06/23/2024 05:16:54 AM [INFO] Average loss per 10 iterations: [198.69521019 172.61845082 154.85999233 138.36541045 124.96357788
 115.83284459 110.25422976 106.28900441 101.68040432  96.85285744
  93.83109358  91.17534519  87.4955967   86.31095288  83.27841762
  81.62834879  79.46884303  77.49911308  74.90105305  74.14102555
  72.19242672  71.26755195  69.48318393  67.25590021  66.1561715
  65.07250939  63.90381215  63.09412181  61.64257923  60.51984554
  59.83729957  58.10684658  57.47141941  56.43530104  55.21380906
  54.65068986  54.80723697  52.75042344  52.18111094  50.3994153 ]
06/23/2024 05:16:54 AM [INFO] Average time: 459.98025178862736
06/23/2024 05:16:54 AM [INFO] ----------------------------------------
06/23/2024 05:16:54 AM [INFO] Currently using: FedAvg
06/23/2024 05:16:54 AM [INFO] Using alpha = 0
06/23/2024 05:16:54 AM [INFO] Local step = 3
06/23/2024 07:09:34 AM [INFO] [43.75, 53.125, 51.5625, 44.53125, 53.90625]
06/23/2024 07:09:34 AM [INFO] Average accuracy: 49.375
06/23/2024 07:09:34 AM [INFO] Average loss per 10 iterations: [417.06336039 321.52583017 271.63295107 240.49550643 221.50364359
 205.51034124 192.70454787 180.03141019 171.1818292  162.13438517
 152.4767234  146.58546365 139.49412039 132.74586192 127.31133997
 120.6857334  116.40003284 111.11338854 107.21734638 101.5685766
  97.69054541  93.99231642  89.7078698   88.12854709  82.72326089
  80.61044502  75.80041466  75.40875045  71.97854658  68.06581833
  65.48729344  63.09015455  61.30551503  59.87171039  57.40187158
  55.03586528  53.24031591  52.78015639  49.57810034  49.40471451]
06/23/2024 07:09:34 AM [INFO] Average time: 1351.8577026233543
06/23/2024 07:09:34 AM [INFO] ----------------------------------------
06/23/2024 07:09:34 AM [INFO] Currently using: FedAvg
06/23/2024 07:09:34 AM [INFO] Using alpha = 0
06/23/2024 07:09:34 AM [INFO] Local step = 5
06/23/2024 10:15:26 AM [INFO] [50.78125, 49.21875, 53.125, 43.75, 48.4375]
06/23/2024 10:15:26 AM [INFO] Average accuracy: 49.0625
06/23/2024 10:15:26 AM [INFO] Average loss per 10 iterations: [594.81400143 436.3563541  366.32496673 320.26799695 286.69514132
 261.80775079 241.20673307 221.92144173 206.00099856 189.45379766
 174.37911224 162.58188722 153.34739607 146.657946   132.24690174
 124.13250938 119.44970005 110.53120347 103.47638045  96.97486691
  94.65304108  88.65042055  83.51846871  80.23509327  77.46123196
  72.69981776  68.60889484  67.02600427  64.24867734  59.4512956
  58.72141882  53.87316602  53.89072773  53.24676119  50.47361059
  49.77707119  45.17526447  48.84900148  47.6556653   46.80022777]
06/23/2024 10:15:26 AM [INFO] Average time: 2230.4291196557692
06/23/2024 10:15:26 AM [INFO] ----------------------------------------
06/23/2024 10:15:26 AM [INFO] Currently using: FedAvg
06/23/2024 10:15:26 AM [INFO] Using alpha = 0.05
06/23/2024 10:15:26 AM [INFO] Local step = 1
06/23/2024 10:53:35 AM [INFO] [30.46875, 49.21875, 50.78125, 42.1875, 39.0625]
06/23/2024 10:53:35 AM [INFO] Average accuracy: 42.34375
06/23/2024 10:53:35 AM [INFO] Average loss per 10 iterations: [246.7008233  218.78568386 201.31013835 189.07375359 179.29924236
 169.24091023 160.49322111 154.07900447 147.12107923 142.27309112
 137.55360908 133.03799262 129.1516963  125.67112995 122.09149635
 119.02214587 117.17479425 113.98250952 112.12316923 109.51017762
 108.00501626 104.79699311 104.48347544 100.25069335 100.9544813
  97.96087837  95.8990014   94.6467217   92.36052283  91.45601831
  88.80613054  89.87876959  86.7044827   85.37409876  85.21455384
  83.88035964  83.3100718   81.31532167  78.74886108  78.48450271]
06/23/2024 10:53:35 AM [INFO] Average time: 457.8998876336962
06/23/2024 10:53:35 AM [INFO] ----------------------------------------
06/23/2024 10:53:35 AM [INFO] Currently using: FedAvg
06/23/2024 10:53:35 AM [INFO] Using alpha = 0.05
06/23/2024 10:53:35 AM [INFO] Local step = 3
06/23/2024 12:45:03 PM [INFO] [63.28125, 55.46875, 58.59375, 53.90625, 54.6875]
06/23/2024 12:45:03 PM [INFO] Average accuracy: 57.1875
06/23/2024 12:45:03 PM [INFO] Average loss per 10 iterations: [426.62701125 351.23913734 301.82427339 270.4861729  246.34802177
 228.83737768 212.99877834 199.9019042  187.78781205 179.55890076
 172.51290641 162.01915429 154.22431872 149.79160725 142.19394155
 136.04585565 132.58438968 128.33709939 121.17640377 116.88086656
 112.48472897 108.8023476  103.88038046 101.55583458  97.6130614
  92.56162955  89.7451856   86.20060177  84.4219146   82.09467829
  77.52194684  75.44384865  73.08532448  69.47046884  70.72793709
  67.00468555  63.34922891  62.24625468  60.34074023  58.97514508]
06/23/2024 12:45:03 PM [INFO] Average time: 1337.4341353780123
06/23/2024 12:45:03 PM [INFO] ----------------------------------------
06/23/2024 12:45:03 PM [INFO] Currently using: FedAvg
06/23/2024 12:45:03 PM [INFO] Using alpha = 0.05
06/23/2024 12:45:03 PM [INFO] Local step = 5 
06/23/2024 03:48:36 PM [INFO] [69.53125, 68.75, 69.53125, 67.96875, 58.59375]
06/23/2024 03:48:36 PM [INFO] Average accuracy: 66.875
06/23/2024 03:48:36 PM [INFO] Average loss per 10 iterations: [758.68573116 587.59605691 493.59267756 429.24119063 381.82642436
 344.87768523 312.09482766 286.01434688 261.30188279 241.27899233
 222.49814798 205.39310508 189.75827435 176.8014293  165.50566358
 154.18850709 144.05278934 136.25807886 130.69176233 119.29672208
 112.07935904 107.25510187 103.61113431  95.34967346  90.8898533
  86.935777    82.5431253   80.20143181  75.0196734   72.91390974
  69.78932594  66.03806251  65.75258299  62.10941658  60.19028168
  57.77035997  58.84071975  53.51200991  50.9259119   50.50353642]
06/23/2024 03:48:36 PM [INFO] Average time: 2202.7814560018014
06/23/2024 03:48:36 PM [INFO] ----------------------------------------
06/23/2024 03:48:36 PM [INFO] Currently using: FedAvg
06/23/2024 03:48:36 PM [INFO] Using alpha = 0.1
06/23/2024 03:48:36 PM [INFO] Local step = 1 
06/23/2024 04:26:54 PM [INFO] [53.125, 73.4375, 50.78125, 57.8125, 66.40625]
06/23/2024 04:26:54 PM [INFO] Average accuracy: 60.3125
06/23/2024 04:26:54 PM [INFO] Average loss per 10 iterations: [332.04176735 298.37394479 273.50167469 251.99785469 235.31160607
 222.44682346 210.22351479 202.50396024 193.26548871 185.59783036
 179.16242988 174.08002843 168.14069811 164.09955313 159.88759037
 155.32407972 150.99933242 149.38171451 145.90215016 141.91374363
 140.31705141 136.92837153 134.14485166 131.59262958 128.94102998
 127.95491919 125.30849566 123.91493054 121.59905885 118.43148413
 117.03406392 114.31235595 112.96316856 112.27908476 110.1016077
 108.12160285 107.0192533  105.33988416 104.04365858 102.47074056]
06/23/2024 04:26:54 PM [INFO] Average time: 459.4573585784063
06/23/2024 04:26:54 PM [INFO] ----------------------------------------
06/23/2024 04:26:54 PM [INFO] Currently using: FedAvg
06/23/2024 04:26:54 PM [INFO] Using alpha = 0.1
06/23/2024 04:26:54 PM [INFO] Local step = 3 
06/23/2024 06:16:36 PM [INFO] [79.6875, 75.0, 77.34375, 78.125, 69.53125]
06/23/2024 06:16:36 PM [INFO] Average accuracy: 75.9375
06/23/2024 06:16:36 PM [INFO] Average loss per 10 iterations: [785.64344956 655.25700192 563.6856497  497.4056791  448.62472892
 412.04795757 389.57739387 362.79974995 341.01859915 319.61730322
 302.16876375 296.19291454 275.85802024 260.46813995 250.20172362
 242.91310341 232.46231316 225.8934345  218.1270574  203.62705831
 195.95761863 182.19706544 179.97780196 172.98389185 170.08724928
 160.38641243 149.907108   153.14729413 143.85116119 143.51282444
 131.04883492 126.64872636 129.5859921  116.2260831  116.91472099
 112.98442646 110.03582083 103.62122974 106.33958982  99.6722417 ]
06/23/2024 06:16:36 PM [INFO] Average time: 1316.5404617117251
06/23/2024 06:16:36 PM [INFO] ----------------------------------------
06/23/2024 06:16:36 PM [INFO] Currently using: FedAvg
06/23/2024 06:16:36 PM [INFO] Using alpha = 0.1
06/23/2024 06:16:36 PM [INFO] Local step = 5 
06/23/2024 09:17:36 PM [INFO] [79.6875, 78.125, 85.9375, 77.34375, 75.78125]
06/23/2024 09:17:36 PM [INFO] Average accuracy: 79.375
06/23/2024 09:17:36 PM [INFO] Average loss per 10 iterations: [1067.17913743  853.09982646  714.06880272  625.79391783  558.83531909
  500.97063301  452.69122989  413.41295027  379.29935876  347.08460769
  315.49336182  292.76359963  269.96167927  250.56738142  232.07882084
  216.42676502  203.08939626  188.81200779  179.34728076  168.55658896
  156.69533172  148.69542093  138.98504416  132.42139647  126.06655573
  119.03633675  113.53610196  110.63776531  102.31066287  100.06792678
   97.58758784   92.15971965   87.98612072   84.18988133   81.01397305
   79.65179244   77.4601618    73.24159978   70.90890112   68.39863195]
06/23/2024 09:17:36 PM [INFO] Average time: 2171.872147587966


################################################################################################
################################################################################################
################################################################################################
################################################################################################
################################################################################################


06/23/2024 04:39:02 AM [INFO] Training on: cuda:2
06/23/2024 04:39:02 AM [INFO] ----------------------------------------
06/23/2024 04:39:02 AM [INFO] Currently using: FedProx
06/23/2024 04:39:02 AM [INFO] Using alpha = 0
06/23/2024 04:39:02 AM [INFO] Local step = 1 
06/23/2024 05:24:07 AM [INFO] [51.5625, 54.6875, 60.15625, 53.125, 53.90625]
06/23/2024 05:24:07 AM [INFO] Average accuracy: 54.6875
06/23/2024 05:24:07 AM [INFO] Average loss per 10 iterations: [442.64232413 358.99121991 315.15043446 283.84728568 259.15771739
 243.03118189 231.50601992 222.45677288 213.52143893 208.59422098
 203.40880365 197.96332231 192.97046348 188.15132973 184.04929179
 180.62133805 178.65367296 175.56827413 171.24274648 170.67538401
 167.43761909 164.83556335 162.50665602 160.463574   157.91107081
 156.62120088 154.11726697 152.9617198  150.97976067 149.27087572
 147.21659963 146.96961271 144.76650538 142.78118117 142.11048069
 139.62666731 139.32063239 138.6209943  136.64184394 136.32615309]
06/23/2024 05:24:07 AM [INFO] Average time: 541.0349288831931
06/23/2024 05:24:07 AM [INFO] ----------------------------------------
06/23/2024 05:24:07 AM [INFO] Currently using: FedProx
06/23/2024 05:24:07 AM [INFO] Using alpha = 0
06/23/2024 05:24:07 AM [INFO] Local step = 3 
06/23/2024 07:38:18 AM [INFO] [46.09375, 49.21875, 50.0, 50.78125, 46.09375]
06/23/2024 07:38:18 AM [INFO] Average accuracy: 48.4375
06/23/2024 07:38:18 AM [INFO] Average loss per 10 iterations: [963.23426832 806.35235437 706.45749476 649.25612812 607.9996388
 571.99121714 542.58423714 515.4821683  496.4725402  474.15343929
 459.25917117 450.46537541 432.81048098 421.76027104 414.12618449
 410.49632602 393.19578806 385.85544058 378.16040949 370.8094528
 364.39647085 359.189963   350.09360099 347.02654498 343.78654822
 335.85103807 330.52694766 323.62728595 323.98842099 319.67450504
 319.93617326 312.71111355 307.04905189 303.7264914  305.01522337
 298.42991596 290.93181531 290.49282299 290.60818875 280.97068274]
06/23/2024 07:38:18 AM [INFO] Average time: 1610.0775326482485
06/23/2024 07:38:18 AM [INFO] ----------------------------------------
06/23/2024 07:38:18 AM [INFO] Currently using: FedProx
06/23/2024 07:38:18 AM [INFO] Using alpha = 0
06/23/2024 07:38:18 AM [INFO] Local step = 5 
06/23/2024 11:20:06 AM [INFO] [41.40625, 41.40625, 37.5, 40.625, 50.78125]
06/23/2024 11:20:06 AM [INFO] Average accuracy: 42.34375
06/23/2024 11:20:06 AM [INFO] Average loss per 10 iterations: [1443.98930933 1228.34982274 1106.76180974 1026.49373407  953.28895851
  900.31566327  850.34859179  809.12650715  777.18602889  744.9222853
  719.13092493  696.46657566  676.1121121   656.59527639  640.146598
  621.16634783  606.50366025  592.16010249  578.54159593  566.52772558
  560.43820286  543.40815861  537.46222523  527.34450749  515.60582295
  508.71497592  501.38735527  494.77943034  484.59647621  478.45982483
  472.29763611  464.23577635  456.38485623  455.19071356  446.29433458
  436.97542734  434.46439832  430.53250943  434.39551926  416.67394396]
06/23/2024 11:20:06 AM [INFO] Average time: 2661.6959414570592
06/23/2024 11:20:06 AM [INFO] ----------------------------------------
06/23/2024 11:20:06 AM [INFO] Currently using: FedProx
06/23/2024 11:20:06 AM [INFO] Using alpha = 0.05
06/23/2024 11:20:06 AM [INFO] Local step = 1 
06/23/2024 12:06:05 PM [INFO] [47.65625, 54.6875, 57.8125, 72.65625, 51.5625]
06/23/2024 12:06:05 PM [INFO] Average accuracy: 56.875
06/23/2024 12:06:05 PM [INFO] Average loss per 10 iterations: [475.51844421 384.31241829 343.44692709 315.97337266 291.78436309
 274.83851453 262.98712648 252.08630862 244.81524347 236.42522487
 230.01362844 224.64812233 220.53467399 214.96071171 212.29437826
 207.61970619 205.51782243 201.52494912 198.2000632  195.96470013
 194.1725109  190.0735816  187.22603095 186.7828849  183.56121045
 181.428052   179.78799488 178.32122377 177.12439965 175.09811886
 173.03893518 170.88214308 170.28325368 168.21700314 166.61020042
 165.75003305 163.63677571 164.76936285 161.9954574  161.96466737]
06/23/2024 12:06:05 PM [INFO] Average time: 551.8376963291782
06/23/2024 12:06:05 PM [INFO] ----------------------------------------
06/23/2024 12:06:05 PM [INFO] Currently using: FedProx
06/23/2024 12:06:05 PM [INFO] Using alpha = 0.05
06/23/2024 12:06:05 PM [INFO] Local step = 3 
06/23/2024 02:21:18 PM [INFO] [45.3125, 32.03125, 49.21875, 49.21875, 49.21875]
06/23/2024 02:21:18 PM [INFO] Average accuracy: 45.0
06/23/2024 02:21:18 PM [INFO] Average loss per 10 iterations: [1044.00453027  879.91896442  792.41038637  723.71892082  679.03661844
  644.56579521  610.32117657  580.74004905  559.21084051  537.95532647
  519.57106262  510.64673057  491.1712853   478.45714995  464.13261261
  457.15135028  446.51011096  436.02662839  429.2635127   422.60362531
  411.92536026  406.96385165  404.95850553  395.49152827  383.58807925
  382.30380341  380.06382062  375.97961314  370.86438113  362.99866279
  355.13873559  352.8873238   350.20345999  342.92338033  338.64127687
  336.38777453  334.05187458  335.48752359  333.1453793   327.80176621]
06/23/2024 02:21:18 PM [INFO] Average time: 1622.5035430540331
06/24/2024 09:57:11 AM [INFO] ----------------------------------------
06/24/2024 09:57:11 AM [INFO] Currently using: FedProx
06/24/2024 09:57:11 AM [INFO] Using alpha = 0.05
06/24/2024 09:57:11 AM [INFO] Local step = 5 
06/24/2024 01:42:56 PM [INFO] [35.9375, 32.03125, 39.0625, 31.25, 48.4375]
06/24/2024 01:42:56 PM [INFO] Average accuracy: 37.34375
06/24/2024 01:42:56 PM [INFO] Average loss per 10 iterations: [1651.39097881 1440.09086756 1309.04844179 1205.25038708 1129.61679657
 1056.14739242  994.46594286  951.3660309   923.27369341  883.20343007
  849.56089546  819.80773663  793.91127731  776.87905273  757.64680479
  744.95173474  718.2009525   708.32027697  708.38817562  682.28539997
  669.55791342  665.42172026  647.78711749  639.7288049   632.36104836
  616.89163917  609.56086911  604.60796574  592.0219965   586.91535994
  581.85883949  568.36519703  564.94787817  556.31455624  543.80802983
  544.8030466   533.99129769  529.13634483  528.54669947  517.5598736 ]
06/24/2024 01:42:56 PM [INFO] Average time: 2708.9512062144
06/24/2024 12:05:54 AM [INFO] ----------------------------------------
06/24/2024 12:05:54 AM [INFO] Currently using: FedProx
06/24/2024 12:05:54 AM [INFO] Using alpha = 0.1
06/24/2024 12:05:54 AM [INFO] Local step = 1 
06/24/2024 12:52:06 AM [INFO] [68.75, 77.34375, 73.4375, 71.875, 64.84375]
06/24/2024 12:52:06 AM [INFO] Average accuracy: 71.25
06/24/2024 12:52:06 AM [INFO] Average loss per 10 iterations: [623.13233005 518.03256385 463.3828878  431.17936258 406.16622766
 385.39525598 369.02104557 356.39714847 343.93734928 335.08663503
 324.47718307 317.21019875 310.27461209 304.1658959  298.11017576
 292.71557682 287.64953775 283.38924975 280.81010869 275.53527033
 270.73267109 266.86426817 263.4216456  259.15758622 256.4169973
 255.47308104 251.93037435 248.42717367 245.87644382 243.57826632
 241.83259569 239.43201469 235.84613015 235.60075435 232.70328333
 231.26425259 228.78979576 225.95310631 224.96636086 223.062927  ]
06/24/2024 12:52:06 AM [INFO] Average time: 554.4058987811674
06/24/2024 12:52:06 AM [INFO] ----------------------------------------
06/24/2024 12:52:06 AM [INFO] Currently using: FedProx
06/24/2024 12:52:06 AM [INFO] Using alpha = 0.1
06/24/2024 12:52:06 AM [INFO] Local step = 3 
06/24/2024 03:08:00 AM [INFO] [55.46875, 53.125, 59.375, 59.375, 66.40625]
06/24/2024 03:08:00 AM [INFO] Average accuracy: 58.75
06/24/2024 03:08:00 AM [INFO] Average loss per 10 iterations: [1389.93165618 1195.71566842 1093.42354576 1001.09741094  927.76563576
  893.56567769  834.61473445  799.07574958  762.35320271  735.70594952
  709.14364984  698.08467434  670.56320206  657.83774464  649.09150598
  626.17351302  625.09195327  598.01144232  591.3886519   586.84418809
  567.30604719  559.567522    548.94452271  564.13487489  553.65920965
  553.80956236  520.96373582  527.83081179  504.44426594  502.63539511
  495.23921694  493.09501628  478.39680237  497.48976958  492.48695104
  466.07550673  470.70571847  461.57520666  456.61218328  458.40890849]
06/24/2024 03:08:00 AM [INFO] Average time: 1630.8449520229829
06/24/2024 03:08:00 AM [INFO] ----------------------------------------
06/24/2024 03:08:00 AM [INFO] Currently using: FedProx
06/24/2024 03:08:00 AM [INFO] Using alpha = 0.1
06/24/2024 03:08:00 AM [INFO] Local step = 5 
06/24/2024 06:53:55 AM [INFO] [73.4375, 47.65625, 68.75, 65.625, 71.875]
06/24/2024 06:53:55 AM [INFO] Average accuracy: 65.46875
06/24/2024 06:53:55 AM [INFO] Average loss per 10 iterations: [2223.307696   2034.00980342 1824.41571341 1665.28093567 1499.47047364
 1395.70422538 1331.49062703 1281.86090005 1274.62742094 1237.90242037
 1139.55958144 1100.61497662 1071.48878715 1031.03790973 1033.41779312
  991.37168297  956.14354121  967.88129588  939.44089147  901.81268371
  886.6289873   864.98872385  877.03102325  949.16722697  819.39696147
  804.7639055   796.54115416  783.26355023  783.857395    825.87056882
  761.36346622  795.41547586  748.55061235  714.3688894   759.14431179
  701.90908755  698.23943428  688.30057968  728.06686713  669.71969186]
06/24/2024 06:53:55 AM [INFO] Average time: 2711.0200439074542


################################################################################################
################################################################################################
################################################################################################
################################################################################################
################################################################################################

06/23/2024 04:39:18 AM [INFO] Training on: cuda:3
06/23/2024 04:39:18 AM [INFO] ----------------------------------------
06/23/2024 04:39:18 AM [INFO] Currently using: SCAFFOLD
06/23/2024 04:39:18 AM [INFO] Using alpha = 0
06/23/2024 04:39:18 AM [INFO] Local step = 1 
06/23/2024 05:17:27 AM [INFO] [20.3125, 25.78125, 21.875, 26.5625, 26.5625]
06/23/2024 05:17:27 AM [INFO] Average accuracy: 24.21875
06/23/2024 05:17:27 AM [INFO] Average loss per 10 iterations: [198.21541425 172.33262256 153.48404712 137.94459302 124.98267431
 116.71685229 110.53817962 104.819288   100.26493422  96.96096489
  93.11210427  90.79173334  87.88072004  85.84799286  82.68815631
  80.82693611  78.40609347  76.43758112  76.13137292  73.44623387
  71.69490101  70.46346104  68.77839995  67.2385748   66.39307672
  64.66773655  63.19834774  62.48530896  61.22871241  59.83530176
  59.99417317  58.69034985  57.07485646  55.75096481  55.9383628
  54.8467359   53.57873157  53.03963356  52.44641135  51.23404624]
06/23/2024 05:17:27 AM [INFO] Average time: 457.7799934896175
06/23/2024 05:17:27 AM [INFO] ----------------------------------------
06/23/2024 05:17:27 AM [INFO] Currently using: SCAFFOLD
06/23/2024 05:17:27 AM [INFO] Using alpha = 0
06/23/2024 05:17:27 AM [INFO] Local step = 3 
06/23/2024 07:10:34 AM [INFO] [50.0, 50.0, 49.21875, 44.53125, 51.5625]
06/23/2024 07:10:34 AM [INFO] Average accuracy: 49.0625
06/23/2024 07:10:34 AM [INFO] Average loss per 10 iterations: [420.14364655 328.704704   274.08647815 245.58927163 223.25825275
 206.59886069 192.16031975 180.11452557 172.20571652 161.22847412
 153.74971488 145.36360903 138.43869836 133.58245882 126.27451942
 121.56166927 116.79225052 110.56717839 105.257101   102.63968904
  98.49793327  93.42892347  87.90318003  85.70884071  82.19486616
  79.77355765  77.02802518  72.46737865  70.65340125  68.10947135
  66.07089068  62.94038211  61.41167025  60.61523049  57.01488505
  55.52320741  53.63875073  52.35971931  49.67946675  48.534105  ]
06/23/2024 07:10:34 AM [INFO] Average time: 1357.29237925075
06/23/2024 07:10:34 AM [INFO] ----------------------------------------
06/23/2024 07:10:34 AM [INFO] Currently using: SCAFFOLD
06/23/2024 07:10:34 AM [INFO] Using alpha = 0
06/23/2024 07:10:34 AM [INFO] Local step = 5 
06/23/2024 10:17:57 AM [INFO] [56.25, 51.5625, 42.1875, 48.4375, 52.34375]
06/23/2024 10:17:57 AM [INFO] Average accuracy: 50.15625
06/23/2024 10:17:57 AM [INFO] Average loss per 10 iterations: [593.04345833 432.27558808 365.1236275  319.86172722 288.69371741
 262.4999405  239.91056565 220.3156149  206.45504305 189.81234502
 174.0962711  161.41367489 154.38548271 142.01609318 135.86725583
 125.80591545 117.63551564 110.57363881 105.3892433   99.03053239
  95.30476559  89.1125714   87.16745489  78.69634295  78.73851758
  71.72816987  70.42688814  65.98486697  65.90694818  62.24289909
  58.43976791  56.40042672  56.38390828  54.14935377  50.21426097
  48.91511678  46.07081563  44.13630797  45.6358222   43.04941564]
06/23/2024 10:17:57 AM [INFO] Average time: 2248.756996591203
06/23/2024 10:17:57 AM [INFO] ----------------------------------------
06/23/2024 10:17:57 AM [INFO] Currently using: SCAFFOLD
06/23/2024 10:17:57 AM [INFO] Using alpha = 0.05
06/23/2024 10:17:57 AM [INFO] Local step = 1 
06/23/2024 10:56:19 AM [INFO] [20.3125, 12.5, 46.09375, 47.65625, 35.9375]
06/23/2024 10:56:19 AM [INFO] Average accuracy: 32.5
06/23/2024 10:56:19 AM [INFO] Average loss per 10 iterations: [195.61934781 171.42267573 154.0251579  144.24411227 135.37621692
 129.24780461 121.16412499 116.3976213  112.20422509 107.55024282
 105.10194558 101.72456283  99.40214922  96.71077965  94.12368753
  91.36014541  89.68374778  87.83206878  85.56834202  82.74963357
  81.47804084  80.08224931  79.45240977  76.90411771  75.54893392
  74.79390173  73.02212257  70.73592151  70.83727495  69.82879185
  68.04059193  66.53331611  66.24827295  65.47114855  64.85009162
  63.61967751  62.99164267  60.82312055  60.42245471  59.25852099]
06/23/2024 10:56:19 AM [INFO] Average time: 460.2942231319379
06/23/2024 10:56:19 AM [INFO] ----------------------------------------
06/23/2024 10:56:19 AM [INFO] Currently using: SCAFFOLD
06/23/2024 10:56:19 AM [INFO] Using alpha = 0.05
06/23/2024 10:56:19 AM [INFO] Local step = 3 
06/23/2024 12:47:43 PM [INFO] [50.78125, 61.71875, 57.03125, 60.15625, 60.15625]
06/23/2024 12:47:43 PM [INFO] Average accuracy: 57.96875
06/23/2024 12:47:43 PM [INFO] Average loss per 10 iterations: [499.63926596 415.89723784 360.19520585 324.09351856 294.99403568
 273.8946815  255.17092244 240.47647357 227.31611951 215.35295342
 204.65208853 195.28175265 185.24844087 176.99532378 168.92058735
 161.01127157 154.09147858 148.03778196 141.49798902 135.71444336
 131.73780473 126.00258713 120.68365472 115.53205322 111.67555538
 107.31097019 102.78440796  99.77810624  95.34223134  93.57232455
  89.13286983  85.83818971  82.8947108   80.02902859  77.13570211
  74.4839719   72.1682342   70.47356921  68.07378281  65.49641788]
06/23/2024 12:47:43 PM [INFO] Average time: 1336.839590849681
06/23/2024 12:47:43 PM [INFO] ----------------------------------------
06/23/2024 12:47:43 PM [INFO] Currently using: SCAFFOLD
06/23/2024 12:47:43 PM [INFO] Using alpha = 0.05
06/23/2024 12:47:43 PM [INFO] Local step = 5 
06/23/2024 03:53:07 PM [INFO] [66.40625, 60.9375, 67.96875, 78.125, 58.59375]
06/23/2024 03:53:07 PM [INFO] Average accuracy: 66.40625
06/23/2024 03:53:07 PM [INFO] Average loss per 10 iterations: [721.45959513 571.42264987 483.21617968 432.97564336 388.70246691
 353.88389685 322.40741417 298.6908318  275.62610576 253.25827107
 240.84695429 226.67332598 207.33941083 200.2975681  185.08070125
 174.51273832 166.9120949  152.19885143 147.07028608 138.26751115
 126.74030095 121.76180343 119.41655664 119.52582619 104.80315697
 101.81027392 103.88000687  90.73226835  88.9948858   93.51517458
  85.08468653  81.41411376  79.75441455  89.49597311  75.33378171
  69.54354336  68.63205351  66.03629641  64.64493508  66.41262469]
06/23/2024 03:53:07 PM [INFO] Average time: 2224.7701892361974
06/23/2024 03:53:07 PM [INFO] ----------------------------------------
06/23/2024 03:53:07 PM [INFO] Currently using: SCAFFOLD
06/23/2024 03:53:07 PM [INFO] Using alpha = 0.1
06/23/2024 03:53:07 PM [INFO] Local step = 1 
06/23/2024 04:31:55 PM [INFO] [58.59375, 61.71875, 50.78125, 62.5, 32.8125]
06/23/2024 04:31:55 PM [INFO] Average accuracy: 53.28125
06/23/2024 04:31:55 PM [INFO] Average loss per 10 iterations: [273.6817371  246.06307188 226.61299188 213.02353807 201.44680757
 190.29234371 181.42656421 175.88450411 168.06390043 163.93775372
 157.81391726 152.95211228 150.41804327 147.0731501  141.49323795
 138.3047118  134.53685784 131.80296094 128.34437653 125.9763216
 126.49131761 122.90456583 120.16109372 119.3672422  114.93839245
 112.70689283 112.73120753 110.62975161 108.45749659 106.24929284
 104.64731032 104.08347988 101.64323954  99.78291784 100.47517968
  98.00615373  98.51858641  93.57023292  94.58054604  92.10494212]
06/23/2024 04:31:55 PM [INFO] Average time: 465.51287599806676
06/24/2024 12:06:27 AM [INFO] ----------------------------------------
06/24/2024 12:06:27 AM [INFO] Currently using: SCAFFOLD
06/24/2024 12:06:27 AM [INFO] Using alpha = 0.1
06/24/2024 12:06:27 AM [INFO] Local step = 3 
06/24/2024 01:57:06 AM [INFO] [64.84375, 67.1875, 78.90625, 74.21875, 69.53125]
06/24/2024 01:57:06 AM [INFO] Average accuracy: 70.9375
06/24/2024 01:57:06 AM [INFO] Average loss per 10 iterations: [684.4197794  565.70568833 487.45284417 438.94805505 400.01454437
 369.91646015 346.25671695 325.82289802 307.8343597  291.49001261
 278.01805491 266.37841853 252.34782616 238.00998758 227.768721
 219.8723035  209.39093585 200.02413791 191.36595965 182.18451283
 173.60911472 167.29978866 162.0452917  154.76045065 147.7367885
 141.32154994 138.89224239 133.01791841 129.42659848 122.61755414
 117.29291103 113.17503795 114.27357823 104.74026818 103.01042095
  99.71667349  96.04029858  90.09289127  88.69450644  85.27964235]
06/24/2024 01:57:06 AM [INFO] Average time: 1327.8222574938554
06/24/2024 01:57:06 AM [INFO] ----------------------------------------
06/24/2024 01:57:06 AM [INFO] Currently using: SCAFFOLD
06/24/2024 01:57:06 AM [INFO] Using alpha = 0.1
06/24/2024 01:57:06 AM [INFO] Local step = 5 
06/24/2024 05:00:58 AM [INFO] [74.21875, 83.59375, 70.3125, 87.5, 79.6875]
06/24/2024 05:00:58 AM [INFO] Average accuracy: 79.0625
06/24/2024 05:00:58 AM [INFO] Average loss per 10 iterations: [998.13113995 803.56903284 683.83077444 596.73306968 533.77779805
 486.38031485 435.64166436 401.42965904 382.03153221 339.31925507
 310.79104252 285.89972918 277.42306602 255.05873132 237.73793366
 223.26649368 207.44693764 196.73221755 180.03104392 173.27995358
 164.06431662 160.13994776 146.94232707 143.73577392 134.44849023
 130.51127355 122.85661924 117.75008606 115.07992227 116.00546033
 102.91018426 108.94086502 101.08640769  92.16815028  81.25678823
  93.80342815  81.64642321  84.13683911  82.3007304   80.47530412]
06/24/2024 05:00:58 AM [INFO] Average time: 2206.404887741059
