06/21/2024 03:30:16 AM [INFO] Training on: cuda:1
06/21/2024 03:30:16 AM [INFO] ----------------------------------------
06/21/2024 03:30:16 AM [INFO] Currently using: FedAvg
06/21/2024 03:30:16 AM [INFO] Using alpha = 0
06/21/2024 03:30:16 AM [INFO] Local step = 1
06/21/2024 05:56:39 AM [INFO] [28.90625, 30.46875, 17.1875, 19.53125, 15.625]
06/21/2024 05:56:39 AM [INFO] Average accuracy: 22.34375
06/21/2024 05:56:39 AM [INFO] Average loss per 10 iterations: [224.28369366 192.35378755 174.61025858 158.28301351 143.96307957
 131.31201721 120.94173144 113.14917784 105.23824792  98.58770884
  92.17410371  88.89602478  84.82840822  80.67453024  77.26886835
  75.56146651  72.85929694  70.8828163   68.78722781  66.58449425
  64.1700684   62.55768962  60.95251411  58.9535738   57.84932873
  56.02966089  55.15393657  54.30018368  51.92720612  52.04568569
  50.66714603  50.02713813  48.93510571  47.43199589  47.00953923
  44.99191386  44.45719809  43.64890744  43.18828846  42.04205768]
06/21/2024 05:56:39 AM [INFO] Average time: 1756.7449592902326
06/21/2024 05:56:39 AM [INFO] ----------------------------------------
06/21/2024 05:56:39 AM [INFO] Currently using: FedAvg
06/21/2024 05:56:39 AM [INFO] Using alpha = 0
06/21/2024 05:56:39 AM [INFO] Local step = 3
06/21/2024 12:59:29 PM [INFO] [39.0625, 35.15625, 39.84375, 32.8125, 31.25]
06/21/2024 12:59:29 PM [INFO] Average accuracy: 35.625
06/21/2024 12:59:29 PM [INFO] Average loss per 10 iterations: [480.89790102 409.09746722 349.97796185 288.91789692 246.23053231
 213.41433449 194.17253312 177.21689522 163.52507588 154.02485746
 144.18675294 133.14444846 126.76714792 120.52621506 114.78163412
 108.69366572 102.74286259  99.90000849  94.76509558  90.34797085
  86.78554824  82.96443708  80.05619075  76.94300917  74.64112469
  70.63437028  68.1919929   65.96414199  63.29168105  61.40851799
  60.12833899  56.56061312  55.38403878  54.44438215  52.99424673
  52.14782117  51.17796527  50.56453678  49.27777165  46.02604714]
06/21/2024 12:59:29 PM [INFO] Average time: 5073.896258606855
06/21/2024 12:59:29 PM [INFO] ----------------------------------------
06/21/2024 12:59:29 PM [INFO] Currently using: FedAvg
06/21/2024 12:59:29 PM [INFO] Using alpha = 0.05
06/21/2024 12:59:29 PM [INFO] Local step = 1
06/21/2024 03:25:54 PM [INFO] [34.375, 28.125, 23.4375, 33.59375, 20.3125]
06/21/2024 03:25:55 PM [INFO] Average accuracy: 27.96875
06/21/2024 03:25:55 PM [INFO] Average loss per 10 iterations: [240.19205664 208.82025632 189.60845449 174.1997627  165.67308459
 155.25633118 153.56622675 143.05933512 138.53077604 134.76347976
 126.31830567 122.07558546 116.2880264  115.15016546 112.96191724
 106.8458585  103.86451258 101.14569279  98.67900546  95.56007416
  94.1568213   93.50829984  91.62664766  87.71241436  85.63503882
  84.58871468  81.95641226  80.96467645  79.07604223  81.6221094
  77.48039989  76.6827096   74.44051349  71.69132125  71.78017099
  69.65025832  68.46373308  68.28307406  67.15332314  65.99321256]
06/21/2024 03:25:55 PM [INFO] Average time: 1757.1143086696509
06/21/2024 03:25:55 PM [INFO] ----------------------------------------
06/21/2024 03:25:55 PM [INFO] Currently using: FedAvg
06/21/2024 03:25:55 PM [INFO] Using alpha = 0.05
06/21/2024 03:25:55 PM [INFO] Local step = 3
06/21/2024 10:29:27 PM [INFO] [51.5625, 46.875, 55.46875, 54.6875, 43.75]
06/21/2024 10:29:27 PM [INFO] Average accuracy: 50.46875
06/21/2024 10:29:27 PM [INFO] Average loss per 10 iterations: [593.3701618  527.63061488 454.64533583 389.15719234 354.13495297
 319.84690723 294.86688046 273.59710636 253.24358249 236.64972371
 222.76448366 210.63509104 197.71272025 189.32753773 179.44268725
 178.2679815  166.43933365 160.0784244  154.214408   149.82473343
 144.12267429 140.08136283 137.76221115 129.82461607 125.73504408
 119.11122848 115.45621273 110.11629346 108.82447856 100.72063617
  98.16675689 108.50736036  94.56080978  90.59739954  94.37496044
  85.25745947  79.9419708   77.92187944  79.02606699  73.58122392]
06/21/2024 10:29:27 PM [INFO] Average time: 5082.538533225981
06/21/2024 10:29:27 PM [INFO] ----------------------------------------
06/21/2024 10:29:27 PM [INFO] Currently using: FedAvg
06/21/2024 10:29:27 PM [INFO] Using alpha = 0.1
06/21/2024 10:29:27 PM [INFO] Local step = 1
06/22/2024 12:57:30 AM [INFO] [44.53125, 62.5, 61.71875, 62.5, 71.09375]
06/22/2024 12:57:30 AM [INFO] Average accuracy: 60.46875
06/22/2024 12:57:30 AM [INFO] Average loss per 10 iterations: [382.25733364 351.32495454 319.12075771 289.39436717 269.32207623
 251.73764417 237.58880305 226.56760757 217.21983896 208.48378771
 202.3781326  194.93308605 189.39949347 182.46719273 179.86882362
 172.69646116 168.24497363 163.66735482 159.8980401  155.41662921
 153.9050038  152.18371636 146.96629904 141.32818639 140.19134711
 137.25036009 134.17808387 130.14902556 126.60261826 124.41449419
 123.64430498 119.21122065 119.05095019 116.79943147 113.89840335
 110.41547716 107.7890384  106.02319864 104.22577138 104.14765417]
06/22/2024 12:57:30 AM [INFO] Average time: 1776.61941090459
06/22/2024 12:57:30 AM [INFO] ----------------------------------------
06/22/2024 12:57:30 AM [INFO] Currently using: FedAvg
06/22/2024 12:57:30 AM [INFO] Using alpha = 0.1
06/22/2024 12:57:30 AM [INFO] Local step = 3
06/22/2024 08:03:13 AM [INFO] [81.25, 61.71875, 71.09375, 51.5625, 67.96875]
06/22/2024 08:03:13 AM [INFO] Average accuracy: 66.71875
06/22/2024 08:03:13 AM [INFO] Average loss per 10 iterations: [786.52924    688.12295101 600.76895914 533.86446301 472.84313651
 429.40508716 394.6178481  359.93278144 333.18566203 310.91254994
 292.40107273 273.08265205 255.34693885 253.30556459 239.71769374
 223.08046021 218.7795393  213.34914715 207.4212335  200.11885057
 192.55182073 181.13534223 175.94972384 171.33888746 170.86528055
 164.0897679  157.1987443  144.5758023  147.64551904 136.38969088
 130.4778243  137.55960965 118.54345997 124.535188   119.04031537
 111.03103553 110.92496445 103.16503836 102.06059077 103.40721417]
06/22/2024 08:03:13 AM [INFO] Average time: 5108.447706969501

06/21/2024 03:29:32 AM [INFO] Training on: cuda:4
06/21/2024 03:29:32 AM [INFO] ----------------------------------------
06/21/2024 03:29:32 AM [INFO] Currently using: FedAvg
06/21/2024 03:29:32 AM [INFO] Using alpha = 0
06/21/2024 03:29:32 AM [INFO] Local step = 5
06/22/2024 07:37:21 AM [INFO] [41.40625, 36.71875, 45.3125, 29.6875, 31.25]
06/22/2024 07:37:21 AM [INFO] Average accuracy: 36.875
06/22/2024 07:37:21 AM [INFO] Average loss per 10 iterations: [690.27302253 552.01448284 420.57767969 341.37926457 289.22564278
 250.97614805 229.88352763 205.33063753 186.58726272 171.90193884
 161.52590647 147.24103452 136.76214561 130.01933317 120.65428177
 113.40074069 108.03819153 104.57799258  99.70716238  94.04177072
  87.18314113  82.02518386  78.26792328  76.69333443  70.52331129
  67.58709945  65.97407956  63.8118988   61.80192505  63.02439628
  59.71970676  56.24387866  53.19530026  52.22810374  53.34132276
  50.83808616  49.53094675  45.0090556   46.92599843  46.55490052]
06/22/2024 07:37:21 AM [INFO] Average time: 20253.820772234023

06/23/2024 04:50:23 AM [INFO] Training on: cuda:4
06/23/2024 07:31:20 PM [INFO] ----------------------------------------
06/23/2024 07:31:20 PM [INFO] Currently using: FedAvg
06/23/2024 07:31:20 PM [INFO] Using alpha = 0.05
06/23/2024 07:31:20 PM [INFO] Local step = 5 
06/24/2024 08:33:32 AM [INFO] [47.65625, 66.40625, 48.4375, 45.3125, 64.0625]
06/24/2024 08:33:32 AM [INFO] Average accuracy: 54.375
06/24/2024 08:33:32 AM [INFO] Average loss per 10 iterations: [901.62951846 760.56564933 642.03601234 556.08070296 506.05238206
 443.45872137 397.93186069 373.63306267 340.33486332 324.65514123
 290.72916786 270.92769634 258.63984    241.7550718  218.61389439
 216.09398426 206.30297033 194.36076028 174.81814031 182.99185572
 167.32236195 169.34573676 150.16374596 153.5170707  142.05046476
 124.28805702 117.8927568  118.02325572 124.08348617 107.74186214
 112.96791795 104.15839194 102.93077933 103.71461807  94.23943636
  87.40340612  82.90904001  79.55977277  84.58590881  82.55433768]
06/24/2024 08:33:32 AM [INFO] Average time: 9386.442356323358
06/23/2024 04:50:23 AM [INFO] ----------------------------------------
06/23/2024 04:50:23 AM [INFO] Currently using: FedAvg
06/23/2024 04:50:23 AM [INFO] Using alpha = 0.1
06/23/2024 04:50:23 AM [INFO] Local step = 5 
06/23/2024 07:31:20 PM [INFO] [64.0625, 61.71875, 73.4375, 85.9375, 60.15625]
06/23/2024 07:31:20 PM [INFO] Average accuracy: 69.0625
06/23/2024 07:31:20 PM [INFO] Average loss per 10 iterations: [1187.9023833  1000.58378444  829.17006441  708.79126306  615.65198669
  545.14429304  492.76861438  448.26237087  410.14931782  387.20362759
  360.94744395  338.88069631  316.79111679  305.85478792  280.37194263
  278.04174436  260.61371153  248.52915575  249.8186524   226.04757855
  219.2689416   215.04787301  210.67786823  191.79729944  180.08323382
  184.82893701  177.32716503  170.75999411  163.94724949  143.67712924
  142.73447907  142.23893021  134.46652966  120.81277278  122.24689862
  116.74292181  122.25852182  119.27745086  101.80886233   93.00182327]
06/23/2024 07:31:20 PM [INFO] Average time: 10571.294202836976



###################################################################################################
###################################################################################################
###################################################################################################
###################################################################################################
###################################################################################################


06/21/2024 03:30:11 AM [INFO] Training on: cuda:2
06/21/2024 03:30:11 AM [INFO] ----------------------------------------
06/21/2024 03:30:11 AM [INFO] Currently using: FedProx
06/21/2024 03:30:11 AM [INFO] Using alpha = 0
06/21/2024 03:30:11 AM [INFO] Local step = 1
06/21/2024 06:14:47 AM [INFO] [46.09375, 28.125, 29.6875, 35.15625, 37.5]
06/21/2024 06:14:47 AM [INFO] Average accuracy: 35.3125
06/21/2024 06:14:47 AM [INFO] Average loss per 10 iterations: [653.75483357 686.11204789 651.35396185 531.59369268 436.80390234
 364.09595633 315.56652148 280.70419715 256.99825752 235.74916906
 222.1689406  211.60551562 204.16732809 194.2420585  188.57011018
 180.70745859 175.06018725 171.42982868 167.30489976 162.45800852
 161.08905936 155.92679622 152.90885467 151.79433858 149.2086079
 145.95451512 144.40659625 141.23002218 140.55913942 137.32308776
 137.54463298 135.59978175 135.67808848 132.01276109 131.01058643
 131.16917785 129.30317724 128.14822031 126.63257927 125.15698968]
06/21/2024 06:14:47 AM [INFO] Average time: 1975.2335844316985
06/21/2024 06:14:47 AM [INFO] ----------------------------------------
06/21/2024 06:14:47 AM [INFO] Currently using: FedProx
06/21/2024 06:14:47 AM [INFO] Using alpha = 0
06/21/2024 06:14:47 AM [INFO] Local step = 3
06/21/2024 02:10:53 PM [INFO] [27.34375, 17.96875, 21.875, 15.625, 21.875]
06/21/2024 02:10:53 PM [INFO] Average accuracy: 20.9375
06/21/2024 02:10:53 PM [INFO] Average loss per 10 iterations: [1420.79793275 1509.31691532 1093.33904026  888.52035919  760.73366028
  673.4370481   605.82641     558.32664116  527.79417301  486.16347383
  459.3384242   443.29404798  425.5127705   410.82647049  406.45182588
  387.13500354  379.89221569  363.06658648  361.6978118   351.80806719
  343.81393095  340.35744232  330.28129549  325.49260902  320.19775963
  317.83159832  311.5951308   305.46404137  301.82071745  293.63030958
  302.69089153  289.67363049  287.08703397  285.48053429  279.49911334
  278.80126446  273.00798494  276.07199485  266.39804963  263.07024795]
06/21/2024 02:10:53 PM [INFO] Average time: 5713.027952969214
06/21/2024 02:10:53 PM [INFO] ----------------------------------------
06/21/2024 02:10:53 PM [INFO] Currently using: FedProx
06/21/2024 02:10:53 PM [INFO] Using alpha = 0.05
06/21/2024 02:10:53 PM [INFO] Local step = 1
06/21/2024 04:54:34 PM [INFO] [22.65625, 43.75, 43.75, 41.40625, 37.5]
06/21/2024 04:54:34 PM [INFO] Average accuracy: 37.8125
06/21/2024 04:54:34 PM [INFO] Average loss per 10 iterations: [687.83629422 590.23528678 467.10947353 418.79303358 370.41181383
 337.22246377 321.23119302 292.42706545 281.17923279 265.95791167
 249.21329133 252.40313267 237.22356132 234.32568821 225.33694026
 225.86645378 221.35300806 215.19971934 217.78503326 212.29568157
 208.52319734 205.88097692 197.3399335  198.30342346 196.14616817
 196.46606973 198.9298942  195.82243608 190.06960794 187.7622195
 185.61428727 183.36572936 185.29587893 176.50628406 178.25261134
 176.37035621 177.96401754 175.44587907 172.68884888 165.65436892]
06/21/2024 04:54:34 PM [INFO] Average time: 1964.3150138818194
06/21/2024 04:54:34 PM [INFO] ----------------------------------------
06/21/2024 04:54:34 PM [INFO] Currently using: FedProx
06/21/2024 04:54:34 PM [INFO] Using alpha = 0.05
06/21/2024 04:54:34 PM [INFO] Local step = 3
06/22/2024 12:52:35 AM [INFO] [39.0625, 27.34375, 44.53125, 27.34375, 39.84375]
06/22/2024 12:52:35 AM [INFO] Average accuracy: 35.625
06/22/2024 12:52:35 AM [INFO] Average loss per 10 iterations: [1460.26724559 1285.69416171 1030.73925797  881.68663017  762.29663192
  705.61201223  653.27495817  620.76359925  587.35871618  559.46905361
  524.96682982  486.13063174  481.2111553   478.24861962  466.74968335
  460.59792545  462.0156366   427.43011857  412.39504384  462.07917383
  407.13343874  401.81544668  385.28580119  407.99580091  398.69504015
  365.34919216  364.2961707   377.44923424  355.13829197  352.93416599
  353.07018272  346.42875012  367.37527313  342.31707607  342.67792913
  331.4001446   336.50643662  323.7106725   324.66138183  307.7860617 ]
06/22/2024 12:52:35 AM [INFO] Average time: 5736.214283230156
06/22/2024 12:52:35 AM [INFO] ----------------------------------------
06/22/2024 12:52:35 AM [INFO] Currently using: FedProx
06/22/2024 12:52:35 AM [INFO] Using alpha = 0.1
06/22/2024 12:52:35 AM [INFO] Local step = 1
06/22/2024 03:39:31 AM [INFO] [60.9375, 53.90625, 70.3125, 49.21875, 52.34375]
06/22/2024 03:39:31 AM [INFO] Average accuracy: 57.34375
06/22/2024 03:39:31 AM [INFO] Average loss per 10 iterations: [837.62289461 715.57222481 572.96243591 513.96223305 462.61486172
 415.92867018 399.10400516 372.46446514 355.33496166 337.94149348
 330.13441311 319.92689413 309.67816502 303.34306287 300.02554127
 289.87094926 280.87894223 277.16694943 272.86319293 268.09902607
 263.11928519 257.33469995 252.68830307 246.13751467 248.56134171
 241.86243035 240.41691967 235.34404875 230.86747863 231.16176793
 228.80915211 222.45463012 219.4913645  218.61539718 216.44494578
 215.31657787 208.47745954 208.99746728 207.6185438  209.15291182]
06/22/2024 03:39:31 AM [INFO] Average time: 2003.1983782614116
06/22/2024 03:39:31 AM [INFO] ----------------------------------------
06/22/2024 03:39:31 AM [INFO] Currently using: FedProx
06/22/2024 03:39:31 AM [INFO] Using alpha = 0.1
06/22/2024 03:39:31 AM [INFO] Local step = 3
06/22/2024 11:45:43 AM [INFO] [72.65625, 56.25, 46.875, 46.09375, 50.78125]
06/22/2024 11:45:43 AM [INFO] Average accuracy: 54.53125
06/22/2024 11:45:43 AM [INFO] Average loss per 10 iterations: [1863.55196052 1538.55756126 1284.89880232 1100.11562671  967.1918616
  898.65047128  841.46798735  780.53103264  724.89666736  716.37520076
  678.65405163  688.29288273  646.36484271  638.09184601  609.14506637
  598.10799786  575.65963709  561.41436847  551.88114163  556.2521642
  542.87222915  523.52085818  506.02760824  523.52291308  498.92915269
  504.63081617  494.21148413  472.06865123  472.66270069  454.16935267
  449.39599462  451.90146215  434.88086859  450.19883725  426.17831105
  424.07690141  413.92674006  412.97800664  414.67989051  402.10901372]
06/22/2024 11:45:43 AM [INFO] Average time: 5834.262248643162

06/21/2024 03:28:49 AM [INFO] Training on: cuda:5
06/21/2024 03:28:49 AM [INFO] ----------------------------------------
06/21/2024 03:28:49 AM [INFO] Currently using: FedProx
06/21/2024 03:28:49 AM [INFO] Using alpha = 0
06/21/2024 03:28:49 AM [INFO] Local step = 5
06/22/2024 07:07:26 AM [INFO] [20.3125, 29.6875, 20.3125, 20.3125, 20.3125]
06/22/2024 07:07:26 AM [INFO] Average accuracy: 22.1875
06/22/2024 07:07:26 AM [INFO] Average loss per 10 iterations: [1993.37728788 1870.40629102 1449.29929358 1231.73064448 1074.47103258
  978.9437149   874.78867051  813.12248217  767.79880843  715.74457989
  687.68017403  648.29804523  625.19944641  601.62465195  581.2919153
  575.74124991  553.85573257  538.2861402   530.02383938  520.90841953
  513.81376931  488.16562587  488.2816737   472.14242053  470.52801122
  462.01785707  463.18182739  443.78177059  434.97403426  435.53352565
  431.67570159  427.56511958  416.94007545  410.67618711  406.91066652
  407.64343858  399.3372796   388.43165404  389.0616393   380.87958655]
06/22/2024 07:07:26 AM [INFO] Average time: 19903.46007333235

06/23/2024 04:50:30 AM [INFO] Training on: cuda:5
06/23/2024 09:23:41 PM [INFO] ----------------------------------------
06/23/2024 09:23:41 PM [INFO] Currently using: FedProx
06/23/2024 09:23:41 PM [INFO] Using alpha = 0.05
06/23/2024 09:23:41 PM [INFO] Local step = 5 
06/24/2024 10:23:27 AM [INFO] [31.25, 31.25, 45.3125, 20.3125, 49.21875]
06/24/2024 10:23:27 AM [INFO] Average accuracy: 35.46875
06/24/2024 10:23:27 AM [INFO] Average loss per 10 iterations: [2219.18635106 1950.41811954 1589.15178078 1385.9408822  1215.55812306
 1113.69907018 1031.36769008  955.09451055  996.88324733  878.3508085
  877.09382998  815.80403636  774.63731409  738.51576781  734.81707405
  709.94385305  703.69589222  682.17709794  666.98075215  658.79001211
  634.70485561  630.33716072  611.75312223  615.47973907  620.04856104
  598.61433782  612.48445061  560.51283889  577.90484635  568.36270671
  567.69738646  548.35718215  557.10060461  584.89528261  514.62676886
  509.63041942  536.10032073  496.18133013  503.85414563  496.52537689]
06/24/2024 10:23:27 AM [INFO] Average time: 9357.088075023004
06/23/2024 04:50:30 AM [INFO] ----------------------------------------
06/23/2024 04:50:30 AM [INFO] Currently using: FedProx
06/23/2024 04:50:30 AM [INFO] Using alpha = 0.1
06/23/2024 04:50:30 AM [INFO] Local step = 5 
06/23/2024 09:23:41 PM [INFO] [46.875, 38.28125, 53.125, 60.15625, 52.34375]
06/23/2024 09:23:41 PM [INFO] Average accuracy: 50.15625
06/23/2024 09:23:41 PM [INFO] Average loss per 10 iterations: [2594.76772068 2249.18348937 1861.31176156 1665.97833473 1533.86126816
 1396.81951357 1304.56934069 1241.28265553 1188.49907761 1144.42148093
 1096.69121988 1055.2217654  1008.23792456 1015.50543312  977.80605665
  944.48895139  942.77103367  857.57395388  870.68136927  849.29441519
  857.34131923  808.73718744  834.15283296  787.26869579  798.35883245
  757.97850776  776.63944983  734.54977787  750.06293903  767.08428639
  714.50572607  689.35574731  679.73140898  685.43742131  653.62273254
  653.58792089  639.45876465  630.97911608  644.958999    646.79274187]
06/23/2024 09:23:41 PM [INFO] Average time: 11918.3462714219



###################################################################################################
###################################################################################################
###################################################################################################
###################################################################################################
###################################################################################################


06/21/2024 03:30:01 AM [INFO] Training on: cuda:3
06/21/2024 03:30:01 AM [INFO] ----------------------------------------
06/21/2024 03:30:01 AM [INFO] Currently using: SCAFFOLD
06/21/2024 03:30:01 AM [INFO] Using alpha = 0
06/21/2024 03:30:01 AM [INFO] Local step = 1
06/21/2024 05:58:58 AM [INFO] [31.25, 38.28125, 17.96875, 21.09375, 35.9375]
06/21/2024 05:58:58 AM [INFO] Average accuracy: 28.90625
06/21/2024 05:58:58 AM [INFO] Average loss per 10 iterations: [221.25577199 192.0797677  175.73645121 156.99945398 143.20406257
 130.94914261 122.66696771 112.63818324 105.06255032 100.07162739
  94.45118243  91.12261055  87.38116151  83.232       79.31377861
  76.76378367  74.35192535  71.93272693  70.09303771  67.5566878
  65.56606057  64.16642791  62.5028182   60.01893221  58.87569682
  57.40929976  56.4444635   55.3224848   53.68055099  52.95760488
  51.89630451  51.33777879  49.76896663  49.00685688  48.24050335
  46.71780286  46.07280861  45.0174214   44.40340467  43.6838791 ]
06/21/2024 05:58:58 AM [INFO] Average time: 1787.2923839971888
06/21/2024 05:58:58 AM [INFO] ----------------------------------------
06/21/2024 05:58:58 AM [INFO] Currently using: SCAFFOLD
06/21/2024 05:58:58 AM [INFO] Using alpha = 0
06/21/2024 05:58:58 AM [INFO] Local step = 3
06/21/2024 01:08:03 PM [INFO] [28.125, 43.75, 29.6875, 39.0625, 42.1875]
06/21/2024 01:08:03 PM [INFO] Average accuracy: 36.5625
06/21/2024 01:08:03 PM [INFO] Average loss per 10 iterations: [485.72604914 407.93067938 345.33867913 286.46671748 243.98765141
 213.43866017 190.29548454 174.43862926 160.32450513 147.9217558
 138.17838988 132.48981394 123.8465131  118.2022442  110.69671335
 105.5216094  101.02278935  95.81182413  90.85108965  87.23747541
  85.33345103  82.51486698  77.62378013  74.49341772  71.22468134
  68.75629188  67.49345539  65.27308385  62.48567669  60.9466834
  59.21682298  55.6663255   54.72601743  52.81515443  51.92203533
  50.77008298  50.45397806  46.54055265  45.35481504  45.46739142]
06/21/2024 01:08:03 PM [INFO] Average time: 5149.073396732192
06/21/2024 01:08:03 PM [INFO] ----------------------------------------
06/21/2024 01:08:03 PM [INFO] Currently using: SCAFFOLD
06/21/2024 01:08:03 PM [INFO] Using alpha = 0.05
06/21/2024 01:08:03 PM [INFO] Local step = 1
06/21/2024 03:36:44 PM [INFO] [36.71875, 32.03125, 46.875, 34.375, 45.3125]
06/21/2024 03:36:44 PM [INFO] Average accuracy: 39.0625
06/21/2024 03:36:44 PM [INFO] Average loss per 10 iterations: [246.38342832 213.60865136 196.58782314 175.19142597 163.93681305
 153.7179323  145.18772158 141.15223213 135.49725687 131.89553964
 125.09425429 123.24402529 117.57697816 114.37048972 110.91426458
 107.03705334 104.28518655 102.42737811 100.04687547  98.32549058
  98.15393901  92.39217618  93.44605539  90.77116711  88.53899134
  86.64182608  84.04786148  82.05489111  84.1329622   78.6443824
  79.2346379   75.8231006   76.82496144  74.75146293  73.08532195
  72.49199779  69.69552837  69.70441404  67.24295283  67.55603274]
06/21/2024 03:36:44 PM [INFO] Average time: 1784.1119423481637
06/21/2024 03:36:44 PM [INFO] ----------------------------------------
06/21/2024 03:36:44 PM [INFO] Currently using: SCAFFOLD
06/21/2024 03:36:44 PM [INFO] Using alpha = 0.05
06/21/2024 03:36:44 PM [INFO] Local step = 3
06/21/2024 10:46:20 PM [INFO] [54.6875, 40.625, 49.21875, 48.4375, 42.96875]
06/21/2024 10:46:20 PM [INFO] Average accuracy: 47.1875
06/21/2024 10:46:20 PM [INFO] Average loss per 10 iterations: [580.16196105 505.40403054 441.05655916 383.06709319 344.2826489
 310.29293384 283.60434343 259.54346996 241.14298924 225.64949251
 219.26399908 211.07091416 200.0241406  188.52109696 179.44389719
 173.01045038 174.86086129 159.02370086 150.54982467 153.19084881
 139.53493685 136.21234081 134.51246198 131.78347558 126.20528174
 118.55240555 114.07168977 116.19774835 110.79193056 106.5486903
 101.75013434 113.12589507  92.39991757  97.81802141  99.16158782
  92.36114243  84.06104341  85.27131363  83.23611476  78.77654703]
06/21/2024 10:46:20 PM [INFO] Average time: 5155.264669657778
06/21/2024 10:46:20 PM [INFO] ----------------------------------------
06/21/2024 10:46:20 PM [INFO] Currently using: SCAFFOLD
06/21/2024 10:46:20 PM [INFO] Using alpha = 0.1
06/21/2024 10:46:20 PM [INFO] Local step = 1
06/22/2024 01:15:20 AM [INFO] [41.40625, 41.40625, 68.75, 57.8125, 50.78125]
06/22/2024 01:15:20 AM [INFO] Average accuracy: 52.03125
06/22/2024 01:15:20 AM [INFO] Average loss per 10 iterations: [332.4617203  308.16253517 274.27009958 254.8691708  236.72316997
 227.11007146 214.31284808 203.48793849 196.99236014 189.12174678
 183.36363401 174.55585866 171.27660866 167.45750267 161.6907145
 158.07352575 157.52653655 151.27613644 147.15574723 142.86507719
 139.71575744 135.61764259 140.04102769 131.65487073 127.59414873
 126.66631845 123.56056397 128.44638025 117.23153464 112.47531029
 111.90685397 110.62373837 117.7167876  108.55022791 105.32262013
 100.34501892 108.70529899  99.6582094   97.43441946 109.63693504]
06/22/2024 01:15:20 AM [INFO] Average time: 1787.9940657888073
06/22/2024 01:15:20 AM [INFO] ----------------------------------------
06/22/2024 01:15:20 AM [INFO] Currently using: SCAFFOLD
06/22/2024 01:15:20 AM [INFO] Using alpha = 0.1
06/22/2024 01:15:20 AM [INFO] Local step = 3
06/22/2024 08:24:57 AM [INFO] [66.40625, 83.59375, 78.125, 76.5625, 76.5625]
06/22/2024 08:24:57 AM [INFO] Average accuracy: 76.25
06/22/2024 08:24:57 AM [INFO] Average loss per 10 iterations: [901.02317206 795.43911344 688.01279188 586.32323344 524.77787896
 476.94926246 433.96023232 403.04138073 374.30881761 354.88381935
 339.1934404  316.23350819 303.13341372 288.29054594 277.80056611
 257.46530304 255.46502911 234.28439049 224.16289577 216.86326794
 205.01859515 193.84825693 195.6081187  187.51096885 183.54386858
 170.82021718 167.95241569 153.84844724 151.77212782 152.41065151
 142.74641614 136.77787324 128.33604614 125.94818889 123.64674942
 117.01707134 115.80858391 111.88343342 114.86351271 104.76283617]
06/22/2024 08:24:57 AM [INFO] Average time: 5155.327261015261

06/21/2024 03:28:49 AM [INFO] Training on: cuda:6
06/21/2024 03:28:49 AM [INFO] ----------------------------------------
06/21/2024 03:28:49 AM [INFO] Currently using: SCAFFOLD
06/21/2024 03:28:49 AM [INFO] Using alpha = 0
06/21/2024 03:28:49 AM [INFO] Local step = 5
06/22/2024 08:42:15 AM [INFO] [38.28125, 35.9375, 43.75, 40.625, 42.96875]
06/22/2024 08:42:15 AM [INFO] Average accuracy: 40.3125
06/22/2024 08:42:15 AM [INFO] Average loss per 10 iterations: [685.35264968 548.5673525  431.30782087 346.34843422 296.45482245
 259.96261602 231.23097059 211.28492425 190.31203162 174.13677841
 161.34290871 149.85980257 139.70535272 128.33770207 119.95676461
 114.70220836 108.42354116 103.66781763 102.44064727  94.9272974
  86.14890966  82.39799483  79.40278949  75.2412887   71.45332434
  69.94276229  65.79290542  64.62815669  61.7971532   60.43020505
  55.82236253  55.89668675  54.03637718  51.97722556  49.70537944
  50.86264648  48.25636031  47.04294081  47.84006771  43.40085497]
06/22/2024 08:42:15 AM [INFO] Average time: 21041.30608481001

06/23/2024 07:49:08 PM [INFO] ----------------------------------------
06/23/2024 07:49:08 PM [INFO] Currently using: SCAFFOLD
06/23/2024 07:49:08 PM [INFO] Using alpha = 0.05
06/23/2024 07:49:08 PM [INFO] Local step = 5 
06/24/2024 07:25:28 AM [INFO] [60.15625, 61.71875, 56.25, 67.96875, 41.40625]
06/24/2024 07:25:28 AM [INFO] Average accuracy: 57.5
06/24/2024 07:25:28 AM [INFO] Average loss per 10 iterations: [844.55352062 707.55888823 585.31077095 509.81512816 462.57551107
 409.46230987 368.18852679 329.85234563 314.07982085 280.79076895
 270.87146626 258.21884692 244.53635717 229.52290536 220.93524971
 209.76258902 208.51457502 190.24446352 180.97065432 182.45215867
 161.85359449 164.15105176 158.13081772 144.97119994 129.44497583
 137.53208005 129.83581693 121.16958945 116.69656168 109.40953236
 107.36158424 104.63422644 101.99003004  94.98021807  99.65337349
  94.52730463  89.66764438  80.967184    81.81059711  77.74880523]
06/24/2024 07:25:28 AM [INFO] Average time: 8356.079095612

06/23/2024 04:50:58 AM [INFO] Training on: cuda:6
06/23/2024 04:50:58 AM [INFO] ----------------------------------------
06/23/2024 04:50:58 AM [INFO] Currently using: SCAFFOLD
06/23/2024 04:50:58 AM [INFO] Using alpha = 0.1
06/23/2024 04:50:58 AM [INFO] Local step = 5 
06/23/2024 07:49:08 PM [INFO] [74.21875, 78.90625, 63.28125, 57.8125, 72.65625]
06/23/2024 07:49:08 PM [INFO] Average accuracy: 69.375
06/23/2024 07:49:08 PM [INFO] Average loss per 10 iterations: [1082.97936503  919.27791414  785.66896771  665.27215801  582.17397474
  506.61461728  456.4593496   408.38409263  392.70849368  359.44222478
  325.03463323  309.52029942  288.60288769  270.00346799  252.78844429
  233.47019729  230.73117017  222.18887333  209.05313525  187.08110539
  176.08506722  175.80594639  165.34911953  157.84953461  154.39180762
  134.8923622   136.67909457  125.74826383  122.7809484   128.19510181
  115.62426741  113.02370602  101.92569178  103.52950694  100.38273911
   92.33938452   89.70334332   92.01723384   91.29467931   92.72788793]
06/23/2024 07:49:08 PM [INFO] Average time: 10777.978711151984